build/app/outputs/mapping/release/seeds.txt
com.google.android.material.chip.Chip: void setChipStrokeColor(android.content.res.ColorStateList)
com.pichillilorenzo.flutter_inappwebview.in_app_webview.ContextMenuOptions: com.pichillilorenzo.flutter_inappwebview.in_app_webview.ContextMenuOptions parse(java.util.Map)
androidx.appcompat.widget.Toolbar: void setSubtitle(java.lang.CharSequence)
com.pichillilorenzo.flutter_inappwebview.R$styleable: int SearchView_layout
com.google.android.material.textfield.TextInputLayout: void setErrorTextAppearance(int)
io.flutter.embedding.android.FlutterImageView
com.pichillilorenzo.flutter_inappwebview.R$attr: int titleTextStyle
com.pichillilorenzo.flutter_inappwebview.R$color: int highlighted_text_material_dark
androidx.window.embedding.MatcherUtils: boolean areActivityOrIntentComponentsMatching$window_release(android.app.Activity,android.content.ComponentName)
io.flutter.plugin.platform.SingleViewPresentation: io.flutter.plugin.platform.AccessibilityEventsDelegate accessibilityEventsDelegate
com.pichillilorenzo.flutter_inappwebview.in_app_browser.InAppBrowserOptions: java.lang.String toolbarTopFixedTitle
com.pichillilorenzo.flutter_inappwebview.R$styleable: int AppCompatTheme_dialogTheme
androidx.window.embedding.ActivityStack: int hashCode()
com.pichillilorenzo.flutter_inappwebview.R$style: int Base_TextAppearance_AppCompat_Display3
io.flutter.plugin.editing.ImeSyncDeferringInsetsCallback: android.view.WindowInsets lastWindowInsets
com.pichillilorenzo.flutter_inappwebview.types.InAppWebViewInterface: void callAsyncJavaScript(java.lang.String,java.util.Map,com.pichillilorenzo.flutter_inappwebview.types.ContentWorld,android.webkit.ValueCallback)
com.pichillilorenzo.flutter_inappwebview.InAppWebViewFlutterPlugin: com.pichillilorenzo.flutter_inappwebview.in_app_browser.InAppBrowserManager inAppBrowserManager
com.pichillilorenzo.flutter_inappwebview.R$styleable: int GradientColorItem_android_color
androidx.window.layout.WindowInfoTracker$Companion: androidx.window.layout.WindowInfoTracker getOrCreate(android.content.Context)
com.pichillilorenzo.flutter_inappwebview.chrome_custom_tabs.ChromeCustomTabsActivity: ChromeCustomTabsActivity()
com.pichillilorenzo.flutter_inappwebview.in_app_webview.ThreadedInputConnectionProxyAdapterView: android.os.Handler getHandler()
com.pichillilorenzo.flutter_inappwebview.types.InAppWebViewInterface: void scrollTo(java.lang.Integer,java.lang.Integer,java.lang.Boolean)
com.pichillilorenzo.flutter_inappwebview.R$styleable: int AppCompatTheme_windowFixedHeightMajor
androidx.work.impl.background.systemalarm.ConstraintProxy$StorageNotLowProxy
com.pichillilorenzo.flutter_inappwebview.R$drawable: int abc_list_longpressed_holo
org.chromium.support_lib_boundary.WebSettingsBoundaryInterface: int getDisabledActionModeMenuItems()
com.pichillilorenzo.flutter_inappwebview.MyWebStorage: io.flutter.plugin.common.MethodChannel channel
com.pichillilorenzo.flutter_inappwebview.in_app_browser.InAppBrowserDelegate: void didFailNavigation(java.lang.String,int,java.lang.String)
android.support.v4.app.RemoteActionCompatParcelizer
androidx.appcompat.widget.AppCompatRadioButton: void setButtonDrawable(android.graphics.drawable.Drawable)
com.pichillilorenzo.flutter_inappwebview.content_blocker.ContentBlockerTriggerResourceType: com.pichillilorenzo.flutter_inappwebview.content_blocker.ContentBlockerTriggerResourceType POPUP
com.google.android.material.datepicker.DateValidatorPointForward: android.os.Parcelable$Creator CREATOR
com.pichillilorenzo.flutter_inappwebview.R$attr: int splitMinSmallestWidth
androidx.lifecycle.Lifecycle$State: androidx.lifecycle.Lifecycle$State valueOf(java.lang.String)
com.pichillilorenzo.flutter_inappwebview.R$drawable: int notification_bg_normal
com.pichillilorenzo.flutter_inappwebview.R$string: R$string()
com.pichillilorenzo.flutter_inappwebview.types.InAppWebViewInterface: void printCurrentPage()