build/app/outputs/mapping/release/mapping.txt
# compiler: R8
# compiler_version: 2.1.62
# min_api: 17
# pg_map_id: 8268341
# common_typos_disable
...
androidx.fragment.app.FragmentTransitionCompat21$4 -> androidx.fragment.app.y$d:
    java.lang.Runnable val$transitionCompleteRunnable -> a
androidx.fragment.app.FragmentTransitionCompat21$5 -> androidx.fragment.app.y$e:
    android.graphics.Rect val$epicenter -> a
androidx.fragment.app.FragmentTransitionImpl -> androidx.fragment.app.z:
    void swapSharedElementTargets(java.lang.Object,java.util.ArrayList,java.util.ArrayList) -> A
    java.lang.Object wrapTransitionInSet(java.lang.Object) -> B
    void addTarget(java.lang.Object,android.view.View) -> a
    void addTargets(java.lang.Object,java.util.ArrayList) -> b
    void beginDelayedTransition(android.view.ViewGroup,java.lang.Object) -> c
    void bfsAddViewChildren(java.util.List,android.view.View) -> d
    boolean canHandle(java.lang.Object) -> e
    void captureTransitioningViews(java.util.ArrayList,android.view.View) -> f
    java.lang.Object cloneTransition(java.lang.Object) -> g
    boolean containedBeforeIndex(java.util.List,android.view.View,int) -> h
    java.lang.String findKeyForValue(java.util.Map,java.lang.String) -> i
    void findNamedViews(java.util.Map,android.view.View) -> j
    void getBoundsOnScreen(android.view.View,android.graphics.Rect) -> k
    boolean isNullOrEmpty(java.util.List) -> l
    java.lang.Object mergeTransitionsInSequence(java.lang.Object,java.lang.Object,java.lang.Object) -> m
    java.lang.Object mergeTransitionsTogether(java.lang.Object,java.lang.Object,java.lang.Object) -> n
    java.util.ArrayList prepareSetNameOverridesReordered(java.util.ArrayList) -> o
    void removeTarget(java.lang.Object,android.view.View) -> p
    void replaceTargets(java.lang.Object,java.util.ArrayList,java.util.ArrayList) -> q
androidx.fragment.app.FragmentTransitionImpl$1 -> androidx.fragment.app.z$a:
    java.util.ArrayList val$outNames -> i
    java.util.ArrayList val$sharedElementsOut -> h
    java.util.ArrayList val$inNames -> g
    java.util.ArrayList val$sharedElementsIn -> f
    int val$numSharedElements -> e
androidx.fragment.app.FragmentTransitionImpl$2 -> androidx.fragment.app.z$b:
    java.util.ArrayList val$sharedElementsIn -> e
    java.util.Map val$nameOverrides -> f
androidx.fragment.app.FragmentTransitionImpl$3 -> androidx.fragment.app.z$c:
    java.util.ArrayList val$sharedElementsIn -> e
    java.util.Map val$nameOverrides -> f
androidx.fragment.app.FragmentViewLifecycleOwner -> androidx.fragment.app.a0:
    androidx.lifecycle.ViewModelStore mViewModelStore -> e
    androidx.savedstate.SavedStateRegistryController mSavedStateRegistryController -> g
    androidx.lifecycle.LifecycleRegistry mLifecycleRegistry -> f
    void handleLifecycleEvent(androidx.lifecycle.Lifecycle$Event) -> a
    void initialize() -> b
    boolean isInitialized() -> c
    void performRestore(android.os.Bundle) -> d
    void performSave(android.os.Bundle) -> e
    void setCurrentState(androidx.lifecycle.Lifecycle$State) -> f
androidx.fragment.app.LogWriter -> androidx.fragment.app.b0:
    java.lang.StringBuilder mBuilder -> f
    java.lang.String mTag -> e
    void flushBuilder() -> b