build/app/outputs/mapping/release/usage.txt
com.pichillilorenzo.motuo.BuildConfig
com.pichillilorenzo.motuo.R$color
com.pichillilorenzo.motuo.R$xml
com.pichillilorenzo.motuo.R$styleable
com.pichillilorenzo.motuo.R
com.pichillilorenzo.motuo.R$attr
com.pichillilorenzo.motuo.R$id
com.pichillilorenzo.motuo.R$mipmap
com.pichillilorenzo.motuo.R$menu
com.pichillilorenzo.motuo.R$dimen
com.pichillilorenzo.motuo.R$integer
com.pichillilorenzo.motuo.R$layout
com.pichillilorenzo.motuo.R$plurals
com.pichillilorenzo.motuo.R$bool
com.pichillilorenzo.motuo.R$anim
com.pichillilorenzo.flutterwebviewexample.MainActivity
com.pichillilorenzo.motuo.R$style
com.pichillilorenzo.flutterwebviewexample.EmbedderV1Activity
com.pichillilorenzo.motuo.R$drawable
com.pichillilorenzo.motuo.R$interpolator
com.pichillilorenzo.motuo.R$animator
com.pichillilorenzo.motuo.R$string
...
com.google.common.collect.LinkedHashMultimapGwtSerializationDependencies
androidx.test.espresso.matcher.CursorMatchers$1
com.google.common.collect.ImmutableMultiset$1
androidx.test.espresso.core.internal.deps.guava.collect.RegularImmutableList
androidx.test.espresso.core.internal.deps.guava.collect.ImmutableCollection$ArrayBasedBuilder
androidx.test.espresso.DaggerBaseLayerComponent$ViewInteractionComponentImpl
kotlinx.coroutines.flow.internal.StackFrameContinuation
com.google.common.reflect.TypeResolver$1
io.flutter.plugins.urllauncher.R$color
androidx.constraintlayout.motion.widget.TimeCycleSplineSet$ElevationSet
kotlinx.coroutines.channels.ChannelsKt__Channels_commonKt$toList$1
androidx.work.impl.constraints.trackers.BatteryNotLowTracker:
    static final float BATTERY_LOW_THRESHOLD
com.google.common.collect.Maps$AbstractFilteredMap
com.google.common.graph.ValueGraphBuilder
androidx.test.espresso.core.internal.deps.guava.util.concurrent.internal.InternalFutureFailureAccess
kotlinx.coroutines.internal.ConcurrentKt:
    public static final java.util.List subscriberList()
    public static final java.lang.Object withLock(java.util.concurrent.locks.ReentrantLock,kotlin.jvm.functions.Function0)
    public static final java.util.Set identitySet(int)
    public static synthetic void ReentrantLock$annotations()
androidx.core.provider.FontsContractCompat$Columns
kotlin.coroutines.intrinsics.IntrinsicsKt__IntrinsicsKt:
    private static final java.lang.Object suspendCoroutineUninterceptedOrReturn(kotlin.jvm.functions.Function1,kotlin.coroutines.Continuation)
    public static synthetic void getCOROUTINE_SUSPENDED$annotations()
    public void <init>()
com.google.android.material.circularreveal.cardview.CircularRevealCardView:
    public void <init>(android.content.Context)
    public void <init>(android.content.Context,android.util.AttributeSet)
    public void actualDraw(android.graphics.Canvas)
    public boolean actualIsOpaque()
org.junit.runners.model.TestClass
com.google.common.util.concurrent.Striped$WeakSafeCondition
androidx.loader.content.Loader:
    public void <init>(android.content.Context)
    public void deliverResult(java.lang.Object)
    public void deliverCancellation()
    public android.content.Context getContext()
    public int getId()
    public void registerListener(int,androidx.loader.content.Loader$OnLoadCompleteListener)
    public void registerOnLoadCanceledListener(androidx.loader.content.Loader$OnLoadCanceledListener)
    public void unregisterOnLoadCanceledListener(androidx.loader.content.Loader$OnLoadCanceledListener)
    public boolean isStarted()
    public boolean isAbandoned()
    public boolean isReset()
    protected void onStartLoading()
    protected boolean onCancelLoad()
    public void forceLoad()
    protected void onForceLoad()
    protected void onStopLoading()
    protected void onAbandon()
    protected void onReset()
    public boolean takeContentChanged()
    public void commitContentChanged()
    public void rollbackContentChanged()
    public void onContentChanged()
    public java.lang.String toString()
    int mId
    androidx.loader.content.Loader$OnLoadCompleteListener mListener
    androidx.loader.content.Loader$OnLoadCanceledListener mOnLoadCanceledListener
    android.content.Context mContext
    boolean mStarted
    boolean mAbandoned
    boolean mReset
    boolean mContentChanged
    boolean mProcessingChange
com.google.common.util.concurrent.AbstractService
okhttp3.Interceptor$Chain:
    public abstract okhttp3.Connection connection()
    public abstract okhttp3.Call call()
    public abstract okhttp3.Interceptor$Chain withConnectTimeout(int,java.util.concurrent.TimeUnit)
    public abstract okhttp3.Interceptor$Chain withReadTimeout(int,java.util.concurrent.TimeUnit)
    public abstract okhttp3.Interceptor$Chain withWriteTimeout(int,java.util.concurrent.TimeUnit)
com.google.common.base.Defaults
com.google.common.util.concurrent.Futures$InCompletionOrderFuture